  1.000E+00  -4.335E-05   6.737E+06   6.737E+06   0.000E+00   3.377E+06
  1.000E+00  -4.335E-05   6.738E+06   6.738E+06   0.000E+00   3.378E+06
  1.000E+00  -4.335E-05   3.582E+06   3.582E+06   0.000E+00   1.796E+06
  1.000E+00  -4.335E-05   1.534E+07   1.534E+07   0.000E+00   7.688E+06
  1.100E+00  -3.396E-04   1.241E+16   1.652E+16  -5.577E+19   6.814E+15
  1.000E+00  -4.335E-05   1.533E+07   1.533E+07   0.000E+00   7.687E+06
  1.000E+00  -5.638E-09   1.045E-02   1.045E-02   0.000E+00   5.238E-03
  1.000E+00  -5.638E-09   1.045E-02   1.045E-02   0.000E+00   5.238E-03
  1.000E+00  -5.638E-09   9.514E-03   9.514E-03   0.000E+00   4.770E-03
  1.000E+00  -5.638E-09   9.724E-03   9.724E-03   0.000E+00   4.875E-03
  1.100E+00  -6.831E-09   3.530E-02   4.933E-02  -3.322E+07   1.404E-02
  1.000E+00  -5.638E-09   8.239E-03   8.239E-03   0.000E+00   4.130E-03
  1.000E+00  -5.638E-09   5.624E-03   5.624E-03   0.000E+00   2.819E-03
  1.000E+00  -5.638E-09   8.239E-03   8.239E-03   0.000E+00   4.130E-03
  1.000E+00  -5.638E-09   5.624E-03   5.624E-03   0.000E+00   2.819E-03
  1.000E+00  -5.638E-09   6.073E-03   6.073E-03   0.000E+00   3.045E-03
  1.000E+00  -5.638E-09   8.239E-03   8.239E-03   0.000E+00   4.130E-03
  1.100E+00  -6.813E-09   2.603E-02   3.665E-02  -2.417E+07   9.771E-03
  1.000E+00  -5.638E-09   5.624E-03   5.624E-03   0.000E+00   2.819E-03
  1.100E+00  -6.820E-09   1.069E-02   1.559E-02  -8.432E+06   2.781E-03
  1.200E+00  -8.110E-09   9.672E-03   1.953E-02  -5.628E+06   2.750E-03
  1.300E+00  -9.507E-09   8.835E-03   2.379E-02  -4.695E+06   2.725E-03
  1.000E+00  -5.638E-09   8.239E-03   8.239E-03   0.000E+00   4.130E-03
  1.100E+00  -6.813E-09   2.603E-02   3.665E-02  -2.417E+07   9.771E-03
  1.200E+00  -8.108E-09   4.524E-02   8.529E-02  -3.120E+07   1.638E-02
  1.300E+00  -9.567E-09   6.233E-02   1.533E-01  -3.693E+07   2.249E-02
  1.400E+00  -1.124E-08   7.493E-02   2.357E-01  -4.061E+07   2.772E-02
  1.000E+00  -5.638E-09   8.239E-03   8.239E-03   0.000E+00   4.130E-03
  1.000E+00  -5.638E-09   8.239E-03   8.239E-03   0.000E+00   4.130E-03
  1.000E+00   0.000E+00   1.112E-02   1.112E-02   0.000E+00   5.573E-03
  1.000E+00   0.000E+00   1.112E-02   1.112E-02   0.000E+00   5.573E-03
  1.000E+00   0.000E+00   1.112E-02   1.112E-02   0.000E+00   5.573E-03
  1.000E+00   0.000E+00   1.112E-02   1.112E-02   0.000E+00   5.573E-03
  1.000E+00   0.000E+00   1.112E-02   1.112E-02   0.000E+00   5.573E-03
  1.000E+00   0.000E+00   1.692E-02   1.692E-02   0.000E+00   8.481E-03
  1.000E+00   0.000E+00   1.692E-02   1.692E-02   0.000E+00   8.481E-03
  1.000E+00   0.000E+00   1.692E-02   1.692E-02   0.000E+00   8.481E-03
  1.000E+00   0.000E+00   1.692E-02   1.692E-02   0.000E+00   8.481E-03
  1.000E+00   0.000E+00   1.692E-02   1.692E-02   0.000E+00   8.481E-03
  1.000E+00   0.000E+00   1.692E-02   1.692E-02   0.000E+00   8.481E-03
  1.000E+00   0.000E+00   5.154E-03   5.154E-03   0.000E+00   2.584E-03
  1.000E+00   0.000E+00   5.154E-03   5.154E-03   0.000E+00   2.584E-03
  1.000E+00   0.000E+00   5.354E-03   5.354E-03   0.000E+00   2.684E-03
  1.000E+00   0.000E+00   5.151E-03   5.151E-03   0.000E+00   2.582E-03
  1.000E+00   0.000E+00   5.151E-03   5.151E-03   0.000E+00   2.582E-03
  1.000E+00   0.000E+00   5.328E-03   5.328E-03   0.000E+00   2.671E-03
  1.000E+00   0.000E+00   5.151E-03   5.151E-03   0.000E+00   2.582E-03
  1.000E+00   0.000E+00   5.151E-03   5.151E-03   0.000E+00   2.582E-03
  1.000E+00   0.000E+00   5.151E-03   5.151E-03   0.000E+00   2.582E-03
  1.000E+00   0.000E+00   5.151E-03   5.151E-03   0.000E+00   2.582E-03
  1.000E+00   0.000E+00   5.154E-03   5.154E-03   0.000E+00   2.584E-03
  1.000E+00   0.000E+00   5.151E-03   5.151E-03   0.000E+00   2.582E-03
  1.000E+00   0.000E+00   5.151E-03   5.151E-03   0.000E+00   2.582E-03
  1.000E+00   0.000E+00   5.151E-03   5.151E-03   0.000E+00   2.582E-03
  1.000E+00   0.000E+00   5.151E-03   5.151E-03   0.000E+00   2.582E-03
  1.000E+00   0.000E+00   5.151E-03   5.151E-03   0.000E+00   2.582E-03
  1.000E+00   0.000E+00   4.886E-03   4.886E-03   0.000E+00   2.450E-03
  1.000E+00   0.000E+00   4.883E-03   4.883E-03   0.000E+00   2.448E-03
  1.000E+00   0.000E+00   4.883E-03   4.883E-03   0.000E+00   2.448E-03
  1.000E+00   0.000E+00   4.883E-03   4.883E-03   0.000E+00   2.448E-03
  1.000E+00   0.000E+00   4.886E-03   4.886E-03   0.000E+00   2.450E-03
  1.000E+00   0.000E+00   4.882E-03   4.882E-03   0.000E+00   2.447E-03
  1.000E+00   0.000E+00   4.886E-03   4.886E-03   0.000E+00   2.450E-03
  1.000E+00   0.000E+00   4.882E-03   4.882E-03   0.000E+00   2.447E-03
  1.000E+00   0.000E+00   4.882E-03   4.882E-03   0.000E+00   2.448E-03
  1.000E+00   0.000E+00   7.736E-07   7.736E-07   0.000E+00   3.879E-07
  1.000E+00   0.000E+00   7.736E-07   7.736E-07   0.000E+00   3.879E-07
  1.000E+00   0.000E+00   4.882E-03   4.882E-03   0.000E+00   2.448E-03
  1.100E+00  -4.853E-11   8.357E-03   1.230E-02  -1.530E+08   1.908E-03
  1.200E+00  -1.721E-10   6.075E-03   1.268E-02  -4.530E+07   1.552E-03
  1.000E+00  -5.638E-09   5.623E-03   5.623E-03   0.000E+00   2.819E-03
  1.100E+00  -6.820E-09   1.068E-02   1.558E-02  -8.430E+06   2.779E-03
  1.200E+00  -8.109E-09   9.667E-03   1.952E-02  -5.625E+06   2.748E-03
  1.300E+00  -9.506E-09   8.828E-03   2.377E-02  -4.692E+06   2.723E-03
  1.400E+00  -1.101E-08   8.125E-03   2.833E-02  -4.227E+06   2.701E-03
  1.500E+00  -1.262E-08   7.527E-03   3.319E-02  -3.948E+06   2.683E-03
  1.000E+00  -5.638E-09   5.623E-03   5.623E-03   0.000E+00   2.819E-03
  1.100E+00  -6.820E-09   1.068E-02   1.558E-02  -8.430E+06   2.779E-03
  1.200E+00  -8.109E-09   9.667E-03   1.952E-02  -5.625E+06   2.748E-03
  1.300E+00  -9.506E-09   8.828E-03   2.377E-02  -4.692E+06   2.723E-03
  1.400E+00  -1.101E-08   8.125E-03   2.833E-02  -4.227E+06   2.701E-03
  1.500E+00  -1.262E-08   7.527E-03   3.319E-02  -3.948E+06   2.683E-03
  1.000E+00  -5.638E-09   5.623E-03   5.623E-03   0.000E+00   2.819E-03
  1.100E+00  -6.820E-09   1.068E-02   1.558E-02  -8.430E+06   2.779E-03
  1.200E+00  -8.109E-09   9.667E-03   1.952E-02  -5.625E+06   2.748E-03
  1.300E+00  -9.506E-09   8.828E-03   2.377E-02  -4.692E+06   2.723E-03
  1.400E+00  -1.101E-08   8.125E-03   2.833E-02  -4.227E+06   2.701E-03
  1.500E+00  -1.262E-08   7.527E-03   3.319E-02  -3.948E+06   2.683E-03
  1.000E+00  -5.638E-09   5.623E-03   5.623E-03   0.000E+00   2.819E-03
  1.100E+00  -6.820E-09   1.068E-02   1.558E-02  -8.430E+06   2.779E-03
  1.200E+00  -8.109E-09   9.667E-03   1.952E-02  -5.625E+06   2.748E-03
  1.300E+00  -9.506E-09   8.828E-03   2.377E-02  -4.692E+06   2.723E-03
  1.400E+00  -1.101E-08   8.125E-03   2.833E-02  -4.227E+06   2.701E-03
  1.500E+00  -1.262E-08   7.527E-03   3.319E-02  -3.948E+06   2.683E-03
  1.000E+00  -5.638E-09   5.623E-03   5.623E-03   0.000E+00   2.819E-03
  1.100E+00  -6.820E-09   1.068E-02   1.558E-02  -8.430E+06   2.779E-03
  1.200E+00  -8.109E-09   9.667E-03   1.952E-02  -5.625E+06   2.748E-03
  1.300E+00  -9.506E-09   8.828E-03   2.377E-02  -4.692E+06   2.723E-03
  1.400E+00  -1.101E-08   8.125E-03   2.833E-02  -4.227E+06   2.701E-03
  1.500E+00  -1.262E-08   7.527E-03   3.319E-02  -3.948E+06   2.683E-03
  1.000E+00  -5.638E-09   5.623E-03   5.623E-03   0.000E+00   2.819E-03
  1.100E+00  -6.820E-09   1.068E-02   1.558E-02  -8.430E+06   2.779E-03
  1.200E+00  -8.109E-09   9.667E-03   1.952E-02  -5.625E+06   2.748E-03
  1.300E+00  -9.506E-09   8.828E-03   2.377E-02  -4.692E+06   2.723E-03
  1.400E+00  -1.101E-08   8.125E-03   2.833E-02  -4.227E+06   2.701E-03
  1.500E+00  -1.262E-08   7.527E-03   3.319E-02  -3.948E+06   2.683E-03
  1.000E+00  -5.638E-09   5.623E-03   5.623E-03   0.000E+00   2.819E-03
  1.100E+00  -6.820E-09   1.068E-02   1.558E-02  -8.430E+06   2.779E-03
  1.200E+00  -8.109E-09   9.667E-03   1.952E-02  -5.625E+06   2.748E-03
  1.300E+00  -9.506E-09   8.828E-03   2.377E-02  -4.692E+06   2.723E-03
  1.400E+00  -1.101E-08   8.125E-03   2.833E-02  -4.227E+06   2.701E-03
  1.500E+00  -1.262E-08   7.527E-03   3.319E-02  -3.948E+06   2.683E-03
  1.600E+00  -1.434E-08   7.010E-03   3.836E-02  -3.763E+06   2.667E-03
  1.700E+00  -1.616E-08   6.560E-03   4.383E-02  -3.630E+06   2.653E-03
  1.800E+00  -1.809E-08   6.164E-03   4.960E-02  -3.531E+06   2.640E-03
  1.900E+00  -2.013E-08   5.813E-03   5.568E-02  -3.455E+06   2.629E-03
  2.000E+00  -2.227E-08   5.499E-03   6.207E-02  -3.393E+06   2.619E-03
  2.100E+00  -2.452E-08   5.217E-03   6.875E-02  -3.343E+06   2.609E-03
  2.200E+00  -2.688E-08   4.962E-03   7.573E-02  -3.301E+06   2.601E-03
  2.300E+00  -2.934E-08   4.731E-03   8.302E-02  -3.266E+06   2.592E-03
  2.400E+00  -3.190E-08   4.520E-03   9.060E-02  -3.236E+06   2.585E-03
  2.500E+00  -3.458E-08   4.327E-03   9.849E-02  -3.209E+06   2.578E-03
  2.600E+00  -3.735E-08   4.149E-03   1.067E-01  -3.186E+06   2.571E-03
  2.700E+00  -4.023E-08   3.986E-03   1.152E-01  -3.166E+06   2.565E-03
  2.800E+00  -4.322E-08   3.834E-03   1.239E-01  -3.148E+06   2.559E-03
  2.900E+00  -4.631E-08   3.694E-03   1.330E-01  -3.132E+06   2.553E-03
  3.000E+00  -4.951E-08   3.563E-03   1.424E-01  -3.117E+06   2.548E-03
  3.100E+00  -5.281E-08   3.441E-03   1.521E-01  -3.104E+06   2.543E-03
  3.200E+00  -5.622E-08   3.327E-03   1.620E-01  -3.092E+06   2.538E-03
  3.300E+00  -5.973E-08   3.220E-03   1.723E-01  -3.081E+06   2.534E-03
  3.400E+00  -6.335E-08   3.119E-03   1.828E-01  -3.071E+06   2.529E-03
  1.000E+00  -5.638E-09   5.623E-03   5.623E-03   0.000E+00   2.819E-03
