\BOOKMARK [-1][-]{part.1}{\376\377\000I\000\040\000G\000e\000t\000t\000i\000n\000g\000\040\000S\000t\000a\000r\000t\000e\000d}{}% 1
\BOOKMARK [0][-]{chapter.1}{\376\377\000I\000n\000t\000r\000o\000d\000u\000c\000t\000i\000o\000n}{part.1}% 2
\BOOKMARK [1][-]{section.1.1}{\376\377\000K\000e\000y\000\040\000F\000e\000a\000t\000u\000r\000e\000s}{chapter.1}% 3
\BOOKMARK [1][-]{section.1.2}{\376\377\000A\000l\000g\000o\000r\000i\000t\000h\000m\000\040\000O\000v\000e\000r\000v\000i\000e\000w}{chapter.1}% 4
\BOOKMARK [0][-]{chapter.2}{\376\377\000Q\000u\000i\000c\000k\000\040\000S\000t\000a\000r\000t\000\040\000G\000u\000i\000d\000e}{part.1}% 5
\BOOKMARK [1][-]{section.2.1}{\376\377\000P\000r\000e\000r\000e\000q\000u\000i\000s\000i\000t\000e\000s}{chapter.2}% 6
\BOOKMARK [1][-]{section.2.2}{\376\377\000B\000u\000i\000l\000d\000i\000n\000g\000\040\000t\000h\000e\000\040\000C\000o\000d\000e}{chapter.2}% 7
\BOOKMARK [1][-]{section.2.3}{\376\377\000S\000e\000t\000t\000i\000n\000g\000\040\000U\000p\000\040\000a\000\040\000R\000u\000n}{chapter.2}% 8
\BOOKMARK [2][-]{subsection.2.3.1}{\376\377\000D\000i\000r\000e\000c\000t\000o\000r\000y\000\040\000S\000t\000r\000u\000c\000t\000u\000r\000e}{section.2.3}% 9
\BOOKMARK [2][-]{subsection.2.3.2}{\376\377\000P\000a\000r\000a\000m\000e\000t\000e\000r\000\040\000F\000i\000l\000e}{section.2.3}% 10
\BOOKMARK [2][-]{subsection.2.3.3}{\376\377\000I\000n\000p\000u\000t\000\040\000P\000o\000w\000e\000r\000\040\000S\000p\000e\000c\000t\000r\000u\000m}{section.2.3}% 11
\BOOKMARK [2][-]{subsection.2.3.4}{\376\377\000J\000o\000b\000\040\000S\000u\000b\000m\000i\000s\000s\000i\000o\000n\000\040\000\050\000S\000L\000U\000R\000M\000\051}{section.2.3}% 12
\BOOKMARK [-1][-]{part.2}{\376\377\000I\000I\000\040\000C\000o\000d\000e\000\040\000A\000r\000c\000h\000i\000t\000e\000c\000t\000u\000r\000e}{}% 13
\BOOKMARK [0][-]{chapter.3}{\376\377\000P\000a\000r\000a\000m\000e\000t\000e\000r\000\040\000R\000e\000f\000e\000r\000e\000n\000c\000e}{part.2}% 14
\BOOKMARK [1][-]{section.3.1}{\376\377\000C\000o\000s\000m\000o\000l\000o\000g\000i\000c\000a\000l\000\040\000P\000a\000r\000a\000m\000e\000t\000e\000r\000s}{chapter.3}% 15
\BOOKMARK [1][-]{section.3.2}{\376\377\000S\000i\000m\000u\000l\000a\000t\000i\000o\000n\000\040\000C\000o\000n\000t\000r\000o\000l}{chapter.3}% 16
\BOOKMARK [1][-]{section.3.3}{\376\377\000G\000r\000i\000d\000\040\000a\000n\000d\000\040\000P\000a\000r\000t\000i\000c\000l\000e\000\040\000S\000e\000t\000u\000p}{chapter.3}% 17
\BOOKMARK [1][-]{section.3.4}{\376\377\000P\000o\000w\000e\000r\000\040\000S\000p\000e\000c\000t\000r\000u\000m\000\040\000a\000n\000d\000\040\000N\000o\000r\000m\000a\000l\000i\000z\000a\000t\000i\000o\000n}{chapter.3}% 18
\BOOKMARK [1][-]{section.3.5}{\376\377\000I\000/\000O\000\040\000P\000a\000r\000a\000m\000e\000t\000e\000r\000s}{chapter.3}% 19
\BOOKMARK [0][-]{chapter.4}{\376\377\000C\000o\000m\000p\000i\000l\000e\000-\000T\000i\000m\000e\000\040\000F\000l\000a\000g\000s}{part.2}% 20
\BOOKMARK [1][-]{section.4.1}{\376\377\000R\000e\000q\000u\000i\000r\000e\000d\000\040\000F\000l\000a\000g\000s}{chapter.4}% 21
\BOOKMARK [1][-]{section.4.2}{\376\377\000O\000p\000t\000i\000o\000n\000a\000l\000\040\000F\000l\000a\000g\000s}{chapter.4}% 22
\BOOKMARK [0][-]{chapter.5}{\376\377\000D\000a\000t\000a\000\040\000S\000t\000r\000u\000c\000t\000u\000r\000e\000s}{part.2}% 23
\BOOKMARK [1][-]{section.5.1}{\376\377\000P\000a\000r\000t\000i\000c\000l\000e\000\040\000T\000y\000p\000e\000s}{chapter.5}% 24
\BOOKMARK [2][-]{subsection.5.1.1}{\376\377\000P\000M\000\040\000P\000a\000r\000t\000i\000c\000l\000e\000\040\000\050\000p\000m\000p\000a\000r\000t\000i\000c\000l\000e\000t\000y\000p\000e\000\051}{section.5.1}% 25
\BOOKMARK [2][-]{subsection.5.1.2}{\376\377\000T\000r\000e\000e\000\040\000P\000a\000r\000t\000i\000c\000l\000e\000\040\000\050\000t\000r\000e\000e\000p\000a\000r\000t\000i\000c\000l\000e\000t\000y\000p\000e\000\051}{section.5.1}% 26
\BOOKMARK [2][-]{subsection.5.1.3}{\376\377\000P\000o\000s\000i\000t\000i\000o\000n\000\040\000R\000e\000c\000o\000n\000s\000t\000r\000u\000c\000t\000i\000o\000n\000\040\000M\000a\000c\000r\000o\000s}{section.5.1}% 27
\BOOKMARK [1][-]{section.5.2}{\376\377\000S\000i\000m\000u\000l\000a\000t\000i\000o\000n\000\040\000P\000a\000r\000a\000m\000e\000t\000e\000r\000s\000\040\000\050\000S\000i\000m\000P\000a\000r\000a\000m\000e\000t\000e\000r\000s\000\051}{chapter.5}% 28
\BOOKMARK [1][-]{section.5.3}{\376\377\000M\000e\000m\000o\000r\000y\000\040\000M\000a\000n\000a\000g\000e\000m\000e\000n\000t}{chapter.5}% 29
\BOOKMARK [0][-]{chapter.6}{\376\377\000S\000o\000u\000r\000c\000e\000\040\000F\000i\000l\000e\000\040\000R\000e\000f\000e\000r\000e\000n\000c\000e}{part.2}% 30
\BOOKMARK [1][-]{section.6.1}{\376\377\000C\000o\000r\000e\000\040\000S\000i\000m\000u\000l\000a\000t\000i\000o\000n\000\040\000L\000o\000o\000p}{chapter.6}% 31
\BOOKMARK [1][-]{section.6.2}{\376\377\000I\000n\000i\000t\000i\000a\000l\000\040\000C\000o\000n\000d\000i\000t\000i\000o\000n\000s}{chapter.6}% 32
\BOOKMARK [1][-]{section.6.3}{\376\377\000F\000o\000r\000c\000e\000\040\000C\000a\000l\000c\000u\000l\000a\000t\000i\000o\000n}{chapter.6}% 33
\BOOKMARK [1][-]{section.6.4}{\376\377\000D\000o\000m\000a\000i\000n\000\040\000D\000e\000c\000o\000m\000p\000o\000s\000i\000t\000i\000o\000n\000\040\000a\000n\000d\000\040\000M\000i\000g\000r\000a\000t\000i\000o\000n}{chapter.6}% 34
\BOOKMARK [1][-]{section.6.5}{\376\377\000C\000o\000s\000m\000o\000l\000o\000g\000y\000\040\000a\000n\000d\000\040\000A\000n\000a\000l\000y\000s\000i\000s}{chapter.6}% 35
\BOOKMARK [1][-]{section.6.6}{\376\377\000I\000/\000O\000\040\000a\000n\000d\000\040\000U\000t\000i\000l\000i\000t\000i\000e\000s}{chapter.6}% 36
\BOOKMARK [1][-]{section.6.7}{\376\377\000H\000e\000a\000d\000e\000r\000\040\000F\000i\000l\000e\000s}{chapter.6}% 37
\BOOKMARK [-1][-]{part.3}{\376\377\000I\000I\000I\000\040\000A\000l\000g\000o\000r\000i\000t\000h\000m\000s}{}% 38
\BOOKMARK [0][-]{chapter.7}{\376\377\000I\000n\000i\000t\000i\000a\000l\000\040\000C\000o\000n\000d\000i\000t\000i\000o\000n\000s}{part.3}% 39
\BOOKMARK [1][-]{section.7.1}{\376\377\000Z\000e\000l\000'\000d\000o\000v\000i\000c\000h\000\040\000A\000p\000p\000r\000o\000x\000i\000m\000a\000t\000i\000o\000n\000\040\000\050\0001\000s\000t\000-\000O\000r\000d\000e\000r\000\040\000L\000P\000T\000\051}{chapter.7}% 40
\BOOKMARK [1][-]{section.7.2}{\376\377\0002\000n\000d\000-\000O\000r\000d\000e\000r\000\040\000L\000P\000T}{chapter.7}% 41
\BOOKMARK [0][-]{chapter.8}{\376\377\000P\000M\000\040\000F\000o\000r\000c\000e\000\040\000C\000a\000l\000c\000u\000l\000a\000t\000i\000o\000n}{part.3}% 42
\BOOKMARK [1][-]{section.8.1}{\376\377\000T\000S\000C\000\040\000M\000a\000s\000s\000\040\000A\000s\000s\000i\000g\000n\000m\000e\000n\000t}{chapter.8}% 43
\BOOKMARK [1][-]{section.8.2}{\376\377\000F\000F\000T\000-\000B\000a\000s\000e\000d\000\040\000P\000o\000i\000s\000s\000o\000n\000\040\000S\000o\000l\000v\000e\000r}{chapter.8}% 44
\BOOKMARK [1][-]{section.8.3}{\376\377\0004\000t\000h\000-\000O\000r\000d\000e\000r\000\040\000F\000D\000A}{chapter.8}% 45
\BOOKMARK [1][-]{section.8.4}{\376\377\000V\000a\000r\000i\000a\000b\000l\000e\000\040\000P\000M\000\040\000\050\000V\000a\000r\000P\000M\000\051}{chapter.8}% 46
\BOOKMARK [0][-]{chapter.9}{\376\377\000T\000r\000e\000e\000\040\000F\000o\000r\000c\000e\000\040\000C\000o\000r\000r\000e\000c\000t\000i\000o\000n}{part.3}% 47
\BOOKMARK [1][-]{section.9.1}{\376\377\000C\000e\000l\000l\000-\000L\000i\000n\000k\000e\000d\000-\000L\000i\000s\000t\000\040\000C\000o\000n\000s\000t\000r\000u\000c\000t\000i\000o\000n}{chapter.9}% 48
\BOOKMARK [1][-]{section.9.2}{\376\377\000F\000o\000r\000c\000e\000\040\000E\000v\000a\000l\000u\000a\000t\000i\000o\000n}{chapter.9}% 49
\BOOKMARK [1][-]{section.9.3}{\376\377\000T\000y\000p\000e\000\040\000C\000o\000n\000v\000e\000r\000s\000i\000o\000n}{chapter.9}% 50
\BOOKMARK [0][-]{chapter.10}{\376\377\000T\000i\000m\000e\000\040\000I\000n\000t\000e\000g\000r\000a\000t\000i\000o\000n}{part.3}% 51
\BOOKMARK [1][-]{section.10.1}{\376\377\000L\000e\000a\000p\000-\000F\000r\000o\000g\000\040\000S\000c\000h\000e\000m\000e}{chapter.10}% 52
\BOOKMARK [1][-]{section.10.2}{\376\377\000H\000a\000l\000f\000-\000S\000t\000e\000p\000\040\000S\000y\000n\000c\000h\000r\000o\000n\000i\000z\000a\000t\000i\000o\000n}{chapter.10}% 53
\BOOKMARK [0][-]{chapter.11}{\376\377\000C\000o\000s\000m\000o\000l\000o\000g\000y\000:\000\040\000C\000P\000L\000\040\000D\000a\000r\000k\000\040\000E\000n\000e\000r\000g\000y}{part.3}% 54
\BOOKMARK [1][-]{section.11.1}{\376\377\000C\000P\000L\000\040\000P\000a\000r\000a\000m\000e\000t\000e\000r\000i\000z\000a\000t\000i\000o\000n}{chapter.11}% 55
\BOOKMARK [1][-]{section.11.2}{\376\377\000E\000x\000p\000a\000n\000s\000i\000o\000n\000\040\000H\000i\000s\000t\000o\000r\000y}{chapter.11}% 56
\BOOKMARK [1][-]{section.11.3}{\376\377\000G\000r\000o\000w\000t\000h\000\040\000F\000a\000c\000t\000o\000r}{chapter.11}% 57
\BOOKMARK [1][-]{section.11.4}{\376\377\000P\000o\000i\000s\000s\000o\000n\000\040\000C\000o\000r\000r\000e\000c\000t\000i\000o\000n}{chapter.11}% 58
\BOOKMARK [0][-]{chapter.12}{\376\377\000D\000o\000m\000a\000i\000n\000\040\000D\000e\000c\000o\000m\000p\000o\000s\000i\000t\000i\000o\000n\000\040\000a\000n\000d\000\040\000M\000i\000g\000r\000a\000t\000i\000o\000n}{part.3}% 59
\BOOKMARK [1][-]{section.12.1}{\376\377\000S\000l\000a\000b\000\040\000D\000e\000c\000o\000m\000p\000o\000s\000i\000t\000i\000o\000n}{chapter.12}% 60
\BOOKMARK [1][-]{section.12.2}{\376\377\000P\000a\000r\000t\000i\000c\000l\000e\000\040\000M\000i\000g\000r\000a\000t\000i\000o\000n}{chapter.12}% 61
\BOOKMARK [1][-]{section.12.3}{\376\377\000L\000o\000a\000d\000\040\000B\000a\000l\000a\000n\000c\000i\000n\000g}{chapter.12}% 62
\BOOKMARK [-1][-]{part.4}{\376\377\000I\000V\000\040\000R\000e\000f\000e\000r\000e\000n\000c\000e}{}% 63
\BOOKMARK [0][-]{chapter.13}{\376\377\000T\000r\000o\000u\000b\000l\000e\000s\000h\000o\000o\000t\000i\000n\000g}{part.4}% 64
\BOOKMARK [1][-]{section.13.1}{\376\377\000C\000o\000m\000m\000o\000n\000\040\000I\000s\000s\000u\000e\000s}{chapter.13}% 65
\BOOKMARK [2][-]{subsection.13.1.1}{\376\377\000S\000e\000g\000f\000a\000u\000l\000t\000\040\000i\000n\000\040\000T\000r\000e\000e\000\040\000C\000o\000r\000r\000e\000c\000t\000i\000o\000n}{section.13.1}% 66
\BOOKMARK [2][-]{subsection.13.1.2}{\376\377\000M\000a\000l\000l\000o\000c\000\040\000E\000r\000r\000o\000r\000\040\000\050\000E\000x\000t\000r\000e\000m\000e\000l\000y\000\040\000L\000a\000r\000g\000e\000\040\000A\000l\000l\000o\000c\000a\000t\000i\000o\000n\000\051}{section.13.1}% 67
\BOOKMARK [2][-]{subsection.13.1.3}{\376\377\000P\000o\000w\000e\000r\000\040\000S\000p\000e\000c\000t\000r\000u\000m\000\040\000F\000i\000l\000e\000\040\000N\000o\000t\000\040\000F\000o\000u\000n\000d}{section.13.1}% 68
\BOOKMARK [1][-]{section.13.2}{\376\377\000P\000e\000r\000f\000o\000r\000m\000a\000n\000c\000e\000\040\000T\000u\000n\000i\000n\000g}{chapter.13}% 69
\BOOKMARK [0][-]{chapter.14}{\376\377\000E\000x\000a\000m\000p\000l\000e\000:\000\040\000C\000P\000L\000\040\000D\000a\000r\000k\000\040\000E\000n\000e\000r\000g\000y\000\040\000S\000i\000m\000u\000l\000a\000t\000i\000o\000n}{part.4}% 70
\BOOKMARK [1][-]{section.14.1}{\376\377\000P\000a\000r\000a\000m\000e\000t\000e\000r\000\040\000F\000i\000l\000e}{chapter.14}% 71
\BOOKMARK [1][-]{section.14.2}{\376\377\000C\000o\000m\000p\000i\000l\000a\000t\000i\000o\000n}{chapter.14}% 72
\BOOKMARK [1][-]{section.14.3}{\376\377\000E\000x\000e\000c\000u\000t\000i\000o\000n}{chapter.14}% 73
\BOOKMARK [1][-]{section.14.4}{\376\377\000E\000x\000p\000e\000c\000t\000e\000d\000\040\000O\000u\000t\000p\000u\000t}{chapter.14}% 74
