
 1e+12 4.89721e+12
8.01786 0.0693359 0.078125 0.0800781
6.98419 0.0673828 0.0742188 0.0839844
6.50929 0.0683594 0.0761719 0.0859375
5.98962 0.0712891 0.0800781 0.0917969
5.49518 0.0751953 0.0859375 0.0996094
4.99407 0.0800781 0.0927734 0.109375
4.94118 0.0810547 0.09375 0.111328
4.43011 0.0869141 0.103516 0.125
4 0.0957031 0.115234 0.141602
3.65438 0.105469 0.128906 0.15918
3.36285 0.115234 0.142578 0.176758
3.10569 0.126953 0.15918 0.197266
2.88462 0.138672 0.173828 0.214844
2.51916 0.162109 0.204102 0.25
2.10292 0.203125 0.25293 0.305664
1.98817 0.21875 0.269531 0.326172
1.88571 0.232422 0.286133 0.345703
1.78621 0.24707 0.303711 0.367188
1.69693 0.260742 0.321289 0.387695
1.6132 0.274414 0.337891 0.408203
1.46341 0.301758 0.37207 0.447266
1.3962 0.31543 0.389648 0.466797
1.16043 0.37207 0.458984 0.543945
1.11076 0.388672 0.477539 0.5625
1.06122 0.405273 0.496094 0.582031
1.01597 0.419922 0.512695 0.599609
0.970732 0.435547 0.529297 0.617188
0.929322 0.451172 0.545898 0.633789
0.887851 0.46875 0.56543 0.651367
0.849817 0.483398 0.580078 0.666016
0.813285 0.5 0.59668 0.681641
0.776605 0.514648 0.612305 0.696289
0.742882 0.530273 0.62793 0.710938
0.710415 0.545898 0.642578 0.723633
0.679135 0.560547 0.65625 0.736328
0.647635 0.576172 0.670898 0.748047
0.61859 0.59082 0.683594 0.759766
0.599367 0.600586 0.692383 0.766602
0.5893 0.606445 0.697266 0.770508
0.562258 0.620117 0.708984 0.78125
0.534954 0.635742 0.72168 0.791016
0.509716 0.649414 0.733398 0.800781
0.499629 0.655273 0.738281 0.804688
0.484203 0.664062 0.746094 0.810547
0.459538 0.677734 0.756836 0.819336
0.435679 0.691406 0.767578 0.828125
0.413576 0.705078 0.77832 0.836914
0.390227 0.71875 0.789062 0.844727
0.368564 0.731445 0.799805 0.853516
0.347565 0.744141 0.80957 0.861328
0.327201 0.756836 0.819336 0.869141
0.306598 0.769531 0.829102 0.876953
0.299871 0.773438 0.833008 0.878906
0.287444 0.78125 0.838867 0.883789
0.268048 0.793945 0.847656 0.891602
0.249227 0.805664 0.857422 0.898438
0.230957 0.817383 0.866211 0.905273
0.213213 0.828125 0.875 0.912109
0.195974 0.838867 0.883789 0.918945
0.179218 0.850586 0.891602 0.924805
0.149687 0.869141 0.90625 0.936523
0.145774 0.871094 0.908203 0.9375
0.129754 0.881836 0.916016 0.943359
0.114175 0.891602 0.923828 0.949219
0.0990206 0.901367 0.931641 0.954102
0.0842726 0.911133 0.938477 0.958984
0.0693488 0.920898 0.945312 0.964844
0.0548303 0.929688 0.952148 0.96875
0.0407007 0.939453 0.959961 0.973633
0.0269446 0.950195 0.966797 0.979492
0.0135474 0.963867 0.976562 0.985352

 4.89721e+12 2.39827e+13
9 0.0166016 0.0185547 0.0214844
8.01786 0.015625 0.0185547 0.0224609
6.98419 0.0175781 0.0214844 0.0263672
6.50929 0.0185547 0.0234375 0.0292969
5.98962 0.0205078 0.0253906 0.0332031
5.49518 0.0224609 0.0292969 0.0380859
4.99407 0.0253906 0.0332031 0.0439453
4.94118 0.0263672 0.0341797 0.0449219
4.43011 0.0302734 0.0400391 0.0517578
4 0.0351562 0.046875 0.0595703
3.65438 0.0410156 0.0527344 0.0683594
3.36285 0.0458984 0.0605469 0.0791016
3.10569 0.0527344 0.0693359 0.0917969
2.88462 0.0585938 0.0791016 0.106445
2.51916 0.0742188 0.102539 0.138672
2.10292 0.107422 0.147461 0.196289
1.98817 0.120117 0.164062 0.216797
1.88571 0.133789 0.181641 0.238281
1.78621 0.148438 0.200195 0.260742
1.69693 0.164062 0.21875 0.282227
1.6132 0.178711 0.237305 0.304688
1.46341 0.208984 0.274414 0.347656
1.3962 0.225586 0.292969 0.369141
1.16043 0.288086 0.368164 0.454102
1.11076 0.303711 0.385742 0.474609
1.06122 0.319336 0.405273 0.495117
1.01597 0.334961 0.422852 0.514648
0.970732 0.350586 0.442383 0.535156
0.929322 0.365234 0.458984 0.553711
0.887851 0.382812 0.479492 0.574219
0.849817 0.398438 0.49707 0.592773
0.813285 0.414062 0.515625 0.611328
0.776605 0.430664 0.533203 0.628906
0.742882 0.447266 0.551758 0.646484
0.710415 0.462891 0.569336 0.663086
0.679135 0.479492 0.585938 0.678711
0.647635 0.49707 0.604492 0.694336
0.61859 0.513672 0.621094 0.708984
0.599367 0.524414 0.631836 0.71875
0.5893 0.532227 0.638672 0.723633
0.562258 0.547852 0.654297 0.737305
0.534954 0.56543 0.670898 0.75
0.509716 0.583008 0.685547 0.762695
0.499629 0.59082 0.692383 0.767578
0.484203 0.601562 0.701172 0.774414
0.459538 0.619141 0.716797 0.786133
0.435679 0.637695 0.731445 0.797852
0.413576 0.654297 0.744141 0.807617
0.390227 0.671875 0.758789 0.819336
0.368564 0.689453 0.771484 0.829102
0.347565 0.706055 0.78418 0.838867
0.327201 0.722656 0.796875 0.848633
0.306598 0.740234 0.80957 0.858398
0.299871 0.746094 0.813477 0.861328
0.287444 0.755859 0.821289 0.868164
0.268048 0.772461 0.833008 0.876953
0.249227 0.788086 0.844727 0.885742
0.230957 0.803711 0.856445 0.894531
0.213213 0.818359 0.867188 0.90332
0.195974 0.832031 0.87793 0.911133
0.179218 0.845703 0.887695 0.918945
0.149687 0.870117 0.90625 0.932617
0.145774 0.873047 0.908203 0.93457
0.129754 0.886719 0.917969 0.942383
0.114175 0.898438 0.926758 0.949219
0.0990206 0.910156 0.935547 0.955078
0.0842726 0.921875 0.944336 0.961914
0.0693488 0.932617 0.953125 0.967773
0.0548303 0.943359 0.960938 0.973633
0.0407007 0.953125 0.967773 0.979492
0.0269446 0.962891 0.974609 0.984375
0.0135474 0.972656 0.982422 0.989258

 2.39827e+13 1.17448e+14
9.97826 0.00292969 0.00390625 0.00585938
9 0.00390625 0.00488281 0.00585938
8.01786 0.00390625 0.00488281 0.00683594
6.98419 0.00488281 0.00683594 0.00878906
6.50929 0.00488281 0.00683594 0.00976562
5.98962 0.00585938 0.0078125 0.0107422
5.49518 0.00683594 0.00878906 0.0117188
4.99407 0.0078125 0.0107422 0.0136719
4.94118 0.0078125 0.0107422 0.0146484
4.43011 0.00976562 0.0136719 0.0185547
4 0.0117188 0.0166016 0.0234375
3.65438 0.0146484 0.0214844 0.03125
3.36285 0.0185547 0.0273438 0.0390625
3.10569 0.0234375 0.0341797 0.0498047
2.88462 0.0292969 0.0429688 0.0615234
2.51916 0.0429688 0.0625 0.0878906
2.10292 0.0693359 0.0986328 0.134766
1.98817 0.0800781 0.112305 0.152344
1.88571 0.0908203 0.125977 0.169922
1.78621 0.101562 0.140625 0.188477
1.69693 0.114258 0.15625 0.207031
1.6132 0.125977 0.171875 0.226562
1.46341 0.152344 0.204102 0.264648
1.3962 0.165039 0.220703 0.28418
1.16043 0.22168 0.289062 0.364258
1.11076 0.236328 0.305664 0.383789
1.06122 0.250977 0.323242 0.404297
1.01597 0.265625 0.34082 0.424805
0.970732 0.282227 0.359375 0.445312
0.929322 0.295898 0.375977 0.463867
0.887851 0.3125 0.395508 0.485352
0.849817 0.327148 0.413086 0.505859
0.813285 0.342773 0.431641 0.525391
0.776605 0.359375 0.450195 0.545898
0.742882 0.375 0.46875 0.564453
0.710415 0.390625 0.487305 0.583984
0.679135 0.407227 0.505859 0.602539
0.647635 0.423828 0.525391 0.621094
0.61859 0.44043 0.543945 0.639648
0.599367 0.453125 0.556641 0.651367
0.5893 0.458984 0.563477 0.657227
0.562258 0.476562 0.582031 0.673828
0.534954 0.495117 0.602539 0.691406
0.509716 0.513672 0.620117 0.707031
0.499629 0.520508 0.62793 0.712891
0.484203 0.532227 0.639648 0.722656
0.459538 0.552734 0.658203 0.738281
0.435679 0.572266 0.675781 0.75293
0.413576 0.59082 0.693359 0.765625
0.390227 0.612305 0.711914 0.780273
0.368564 0.631836 0.728516 0.792969
0.347565 0.652344 0.744141 0.805664
0.327201 0.671875 0.760742 0.818359
0.306598 0.692383 0.776367 0.831055
0.299871 0.699219 0.78125 0.834961
0.287444 0.711914 0.791016 0.842773
0.268048 0.732422 0.806641 0.854492
0.249227 0.751953 0.821289 0.865234
0.230957 0.771484 0.834961 0.875977
0.213213 0.790039 0.848633 0.886719
0.195974 0.808594 0.861328 0.896484
0.179218 0.826172 0.874023 0.90625
0.149687 0.856445 0.895508 0.923828
0.145774 0.860352 0.898438 0.925781
0.129754 0.876953 0.910156 0.93457
0.114175 0.891602 0.921875 0.943359
0.0990206 0.907227 0.932617 0.951172
0.0842726 0.920898 0.942383 0.958984
0.0693488 0.93457 0.953125 0.966797
0.0548303 0.947266 0.961914 0.973633
0.0407007 0.958984 0.970703 0.980469
0.0269446 0.969727 0.979492 0.986328
0.0135474 0.979492 0.986328 0.991211

 1.17448e+14 5.7517e+14
9.97826 0 0.000976562 0.000976562
9 0.000976562 0.000976562 0.00195312
8.01786 0.000976562 0.000976562 0.00195312
6.98419 0.000976562 0.00195312 0.00195312
6.50929 0.000976562 0.00195312 0.00195312
5.98962 0.000976562 0.00195312 0.00292969
5.49518 0.00195312 0.00195312 0.00390625
4.99407 0.00195312 0.00292969 0.00488281
4.94118 0.00195312 0.00292969 0.00488281
4.43011 0.00292969 0.00488281 0.0078125
4 0.00488281 0.00683594 0.0107422
3.65438 0.00683594 0.00976562 0.015625
3.36285 0.00878906 0.0136719 0.0205078
3.10569 0.0126953 0.0185547 0.0273438
2.88462 0.015625 0.0244141 0.0351562
2.51916 0.0253906 0.0371094 0.0537109
2.10292 0.0429688 0.0625 0.0869141
1.98817 0.0507812 0.0722656 0.0996094
1.88571 0.0585938 0.0820312 0.112305
1.78621 0.0664062 0.09375 0.126953
1.69693 0.0751953 0.105469 0.142578
1.6132 0.0849609 0.117188 0.158203
1.46341 0.105469 0.143555 0.19043
1.3962 0.116211 0.157227 0.207031
1.16043 0.163086 0.216797 0.277344
1.11076 0.175781 0.231445 0.295898
1.06122 0.189453 0.248047 0.314453
1.01597 0.203125 0.263672 0.333008
0.970732 0.216797 0.280273 0.352539
0.929322 0.230469 0.296875 0.371094
0.887851 0.246094 0.314453 0.391602
0.849817 0.260742 0.331055 0.411133
0.813285 0.275391 0.348633 0.430664
0.776605 0.291016 0.367188 0.452148
0.742882 0.305664 0.384766 0.47168
0.710415 0.321289 0.402344 0.491211
0.679135 0.337891 0.421875 0.511719
0.647635 0.354492 0.441406 0.532227
0.61859 0.371094 0.459961 0.552734
0.599367 0.382812 0.473633 0.566406
0.5893 0.388672 0.480469 0.573242
0.562258 0.405273 0.500977 0.592773
0.534954 0.423828 0.521484 0.613281
0.509716 0.442383 0.541992 0.632812
0.499629 0.449219 0.549805 0.640625
0.484203 0.460938 0.5625 0.652344
0.459538 0.481445 0.583984 0.670898
0.435679 0.500977 0.604492 0.689453
0.413576 0.520508 0.625 0.707031
0.390227 0.542969 0.646484 0.725586
0.368564 0.564453 0.667969 0.742188
0.347565 0.585938 0.688477 0.757812
0.327201 0.607422 0.708008 0.774414
0.306598 0.630859 0.727539 0.790039
0.299871 0.638672 0.734375 0.794922
0.287444 0.65332 0.746094 0.804688
0.268048 0.676758 0.765625 0.819336
0.249227 0.700195 0.78418 0.833984
0.230957 0.723633 0.801758 0.847656
0.213213 0.746094 0.818359 0.861328
0.195974 0.768555 0.834961 0.874023
0.179218 0.790039 0.850586 0.886719
0.149687 0.829102 0.87793 0.907227
0.145774 0.834961 0.881836 0.910156
0.129754 0.855469 0.896484 0.921875
0.114175 0.875 0.910156 0.932617
0.0990206 0.893555 0.922852 0.942383
0.0842726 0.911133 0.935547 0.952148
0.0693488 0.928711 0.948242 0.961914
0.0548303 0.944336 0.958984 0.970703
0.0407007 0.958984 0.969727 0.978516
0.0269446 0.97168 0.979492 0.985352
0.0135474 0.983398 0.988281 0.992188

 5.7517e+14 2.81673e+15
9.97826 0 0 0
9 0 0 0
8.01786 0 0 0
6.98419 0 0 0
6.50929 0 0 0
5.98962 0 0 0.000976562
5.49518 0 0 0.000976562
4.99407 0 0.000976562 0.00195312
4.94118 0 0.000976562 0.00195312
4.43011 0.000976562 0.00195312 0.00292969
4 0.00195312 0.00292969 0.00488281
3.65438 0.00292969 0.00488281 0.00683594
3.36285 0.00390625 0.00683594 0.0107422
3.10569 0.00585938 0.00976562 0.0136719
2.88462 0.0078125 0.0126953 0.0185547
2.51916 0.0136719 0.0205078 0.0292969
2.10292 0.0253906 0.0361328 0.0517578
1.98817 0.0302734 0.0429688 0.0605469
1.88571 0.0351562 0.0498047 0.0703125
1.78621 0.0410156 0.0576172 0.0810547
1.69693 0.046875 0.0664062 0.0917969
1.6132 0.0537109 0.0751953 0.103516
1.46341 0.0683594 0.0957031 0.128906
1.3962 0.0761719 0.105469 0.141602
1.16043 0.114258 0.15332 0.201172
1.11076 0.125 0.166992 0.216797
1.06122 0.136719 0.180664 0.233398
1.01597 0.147461 0.194336 0.249023
0.970732 0.160156 0.209961 0.267578
0.929322 0.170898 0.223633 0.283203
0.887851 0.18457 0.241211 0.302734
0.849817 0.197266 0.255859 0.320312
0.813285 0.210938 0.271484 0.338867
0.776605 0.225586 0.288086 0.358398
0.742882 0.241211 0.305664 0.378906
0.710415 0.255859 0.322266 0.399414
0.679135 0.270508 0.338867 0.418945
0.647635 0.287109 0.357422 0.439453
0.61859 0.301758 0.376953 0.461914
0.599367 0.313477 0.389648 0.474609
0.5893 0.319336 0.396484 0.482422
0.562258 0.335938 0.417969 0.503906
0.534954 0.354492 0.439453 0.527344
0.509716 0.37207 0.458984 0.549805
0.499629 0.378906 0.467773 0.558594
0.484203 0.390625 0.479492 0.573242
0.459538 0.410156 0.501953 0.594727
0.435679 0.429688 0.523438 0.616211
0.413576 0.446289 0.545898 0.636719
0.390227 0.46875 0.570312 0.658203
0.368564 0.490234 0.594727 0.678711
0.347565 0.512695 0.618164 0.699219
0.327201 0.535156 0.641602 0.719727
0.306598 0.55957 0.666016 0.739258
0.299871 0.568359 0.673828 0.746094
0.287444 0.582031 0.688477 0.757812
0.268048 0.608398 0.712891 0.776367
0.249227 0.635742 0.735352 0.794922
0.230957 0.661133 0.755859 0.8125
0.213213 0.688477 0.777344 0.829102
0.195974 0.716797 0.798828 0.844727
0.179218 0.743164 0.818359 0.859375
0.149687 0.789062 0.853516 0.886719
0.145774 0.795898 0.857422 0.890625
0.129754 0.820312 0.875 0.904297
0.114175 0.84668 0.892578 0.916992
0.0990206 0.870117 0.90918 0.929688
0.0842726 0.894531 0.924805 0.942383
0.0693488 0.916016 0.939453 0.954102
0.0548303 0.936523 0.954102 0.964844
0.0407007 0.955078 0.966797 0.974609
0.0269446 0.970703 0.978516 0.983398
0.0135474 0.984375 0.988281 0.992188

 2.81673e+15 1.37941e+16
8.01786 0 0 0
6.98419 0 0 0
6.50929 0 0 0
5.98962 0 0 0
5.49518 0 0 0
4.99407 0 0 0
4.94118 0 0 0
4.43011 0 0 0.000976562
4 0.000976562 0.000976562 0.00195312
3.65438 0.000976562 0.00195312 0.00292969
3.36285 0.000976562 0.00292969 0.00390625
3.10569 0.00292969 0.00390625 0.00683594
2.88462 0.00390625 0.00585938 0.00878906
2.51916 0.00585938 0.0107422 0.015625
2.10292 0.0107422 0.0214844 0.0283203
1.98817 0.0146484 0.0253906 0.0351562
1.88571 0.0166016 0.0292969 0.0419922
1.78621 0.0224609 0.0341797 0.0449219
1.69693 0.0263672 0.0361328 0.0507812
1.6132 0.0322266 0.0439453 0.0566406
1.46341 0.0458984 0.0605469 0.0771484
1.3962 0.0527344 0.0703125 0.0878906
1.16043 0.0859375 0.103516 0.120117
1.11076 0.0927734 0.114258 0.130859
1.06122 0.0976562 0.125 0.142578
1.01597 0.102539 0.133789 0.162109
0.970732 0.105469 0.139648 0.177734
0.929322 0.112305 0.151367 0.180664
0.887851 0.141602 0.15918 0.199219
0.849817 0.144531 0.168945 0.216797
0.813285 0.15625 0.181641 0.233398
0.776605 0.168945 0.197266 0.237305
0.742882 0.181641 0.22168 0.249023
0.710415 0.196289 0.225586 0.259766
0.679135 0.202148 0.239258 0.27832
0.647635 0.21582 0.246094 0.292969
0.61859 0.217773 0.268555 0.310547
0.599367 0.238281 0.289062 0.330078
0.5893 0.229492 0.272461 0.316406
0.562258 0.257812 0.295898 0.350586
0.534954 0.262695 0.316406 0.37793
0.509716 0.271484 0.325195 0.40332
0.499629 0.276367 0.349609 0.433594
0.484203 0.305664 0.353516 0.433594
0.459538 0.324219 0.37793 0.458984
0.435679 0.331055 0.408203 0.476562
0.413576 0.34082 0.413086 0.492188
0.390227 0.397461 0.477539 0.535156
0.368564 0.415039 0.496094 0.601562
0.347565 0.423828 0.498047 0.592773
0.327201 0.449219 0.522461 0.603516
0.306598 0.5 0.544922 0.633789
0.299871 0.510742 0.586914 0.65918
0.287444 0.512695 0.558594 0.662109
0.268048 0.538086 0.620117 0.707031
0.249227 0.550781 0.652344 0.727539
0.230957 0.572266 0.702148 0.753906
0.213213 0.629883 0.734375 0.77832
0.195974 0.606445 0.733398 0.789062
0.179218 0.701172 0.782227 0.816406
0.149687 0.726562 0.819336 0.868164
0.145774 0.75293 0.827148 0.875
0.129754 0.804688 0.852539 0.890625
0.114175 0.823242 0.850586 0.905273
0.0990206 0.845703 0.887695 0.915039
0.0842726 0.864258 0.912109 0.930664
0.0693488 0.90332 0.928711 0.946289
0.0548303 0.926758 0.945312 0.956055
0.0407007 0.947266 0.957031 0.966797
0.0269446 0.964844 0.973633 0.980469
0.0135474 0.981445 0.984375 0.989258

 1.37941e+16 6.75527e+16

 6.75527e+16 3.3082e+17

 3.3082e+17 1.6201e+18

 1.6201e+18 7.93396e+18

 7.93396e+18 3.88543e+19

 3.88543e+19 1.90278e+20

 1.90278e+20 9.3183e+20

 9.3183e+20 4.56337e+21

 4.56337e+21 2.23478e+22

 2.23478e+22 1.09442e+23

 1.09442e+23 5.3596e+23

 5.3596e+23 2.62471e+24

 2.62471e+24 1.28538e+25

 1.28538e+25 6.29477e+25

 6.29477e+25 3.08268e+26

 3.08268e+26 1.50965e+27

 1.50965e+27 7.3931e+27

 7.3931e+27 3.62056e+28

 3.62056e+28 1.77306e+29

 1.77306e+29 8.68307e+29

 8.68307e+29 4.25229e+30

 4.25229e+30 2.08243e+31

 2.08243e+31 1.01981e+32

 1.01981e+32 4.99424e+32

 4.99424e+32 2.44579e+33

 2.44579e+33 1.19775e+34

 1.19775e+34 5.86565e+34

 5.86565e+34 2.87254e+35

 2.87254e+35 1.40674e+36
