

 # sample 5e+11 <= M < 8e+11

5.98962 0.46582 0.492188 0.507812  0.112305 0.117188 0.126953
5.49518 0.448242 0.477539 0.523438  0.117188 0.131836 0.141602
4.99407 0.427734 0.484375 0.541992  0.117188 0.141602 0.166016
4.94118 0.424805 0.477539 0.532227  0.12207 0.146484 0.170898
4.43011 0.429688 0.477539 0.535156  0.136719 0.166016 0.185547
4 0.417969 0.46582 0.525391  0.15625 0.185547 0.214844
3.65438 0.412109 0.453125 0.507812  0.180664 0.214844 0.239258
3.36285 0.408203 0.446289 0.5  0.205078 0.239258 0.263672
3.10569 0.407227 0.444336 0.492188  0.224609 0.258789 0.283203
2.88462 0.408203 0.442383 0.487305  0.244141 0.27832 0.307617
2.51916 0.416016 0.453125 0.5  0.273438 0.3125 0.34668
2.10292 0.439453 0.479492 0.527344  0.302734 0.34668 0.385742
1.98817 0.446289 0.487305 0.536133  0.307617 0.356445 0.400391
1.88571 0.454102 0.5 0.545898  0.317383 0.366211 0.415039
1.78621 0.461914 0.506836 0.556641  0.327148 0.375977 0.429688
1.69693 0.46875 0.514648 0.566406  0.332031 0.385742 0.444336
1.6132 0.475586 0.522461 0.575195  0.336914 0.400391 0.458984
1.46341 0.492188 0.541992 0.599609  0.34668 0.415039 0.478516
1.3962 0.5 0.548828 0.607422  0.351562 0.424805 0.493164
1.16043 0.535156 0.59375 0.660156  0.356445 0.444336 0.537109
1.11076 0.541992 0.602539 0.670898  0.356445 0.454102 0.546875
1.06122 0.549805 0.613281 0.681641  0.356445 0.458984 0.556641
1.01597 0.556641 0.621094 0.691406  0.356445 0.463867 0.571289
0.970732 0.564453 0.630859 0.702148  0.361328 0.46875 0.581055
0.929322 0.571289 0.639648 0.711914  0.361328 0.473633 0.595703
0.887851 0.579102 0.648438 0.72168  0.361328 0.483398 0.610352
0.849817 0.586914 0.657227 0.731445  0.361328 0.483398 0.620117
0.813285 0.59375 0.666016 0.739258  0.366211 0.498047 0.634766
0.776605 0.601562 0.674805 0.75  0.366211 0.498047 0.649414
0.742882 0.608398 0.681641 0.756836  0.371094 0.507812 0.65918
0.710415 0.616211 0.689453 0.764648  0.371094 0.512695 0.673828
0.679135 0.623047 0.698242 0.771484  0.371094 0.517578 0.683594
0.647635 0.630859 0.706055 0.779297  0.375977 0.527344 0.698242
0.61859 0.638672 0.713867 0.786133  0.375977 0.532227 0.712891
0.599367 0.643555 0.71875 0.791016  0.380859 0.537109 0.722656
0.5893 0.645508 0.720703 0.792969  0.380859 0.541992 0.727539
0.562258 0.654297 0.729492 0.799805  0.380859 0.546875 0.737305
0.534954 0.661133 0.737305 0.807617  0.385742 0.556641 0.756836
0.509716 0.670898 0.746094 0.814453  0.385742 0.561523 0.766602
0.499629 0.673828 0.75 0.816406  0.390625 0.561523 0.771484
0.484203 0.677734 0.75293 0.821289  0.390625 0.566406 0.78125
0.459538 0.6875 0.761719 0.828125  0.395508 0.571289 0.791016
0.435679 0.696289 0.769531 0.834961  0.395508 0.581055 0.805664
0.413576 0.705078 0.777344 0.84082  0.400391 0.585938 0.810547
0.390227 0.71582 0.786133 0.847656  0.400391 0.59082 0.830078
0.368564 0.724609 0.793945 0.854492  0.400391 0.595703 0.839844
0.347565 0.734375 0.802734 0.861328  0.405273 0.605469 0.849609
0.327201 0.743164 0.811523 0.868164  0.405273 0.605469 0.864258
0.306598 0.753906 0.820312 0.875  0.410156 0.615234 0.874023
0.299871 0.756836 0.823242 0.876953  0.410156 0.615234 0.878906
0.287444 0.763672 0.828125 0.880859  0.405273 0.620117 0.888672
0.268048 0.772461 0.836914 0.886719  0.410156 0.625 0.898438
0.249227 0.783203 0.844727 0.893555  0.415039 0.634766 0.908203
0.230957 0.792969 0.852539 0.899414  0.410156 0.639648 0.927734
0.213213 0.802734 0.860352 0.90625  0.415039 0.644531 0.947266
0.195974 0.8125 0.868164 0.912109  0.419922 0.65918 0.961914
0.179218 0.822266 0.875977 0.916016  0.410156 0.664062 0.976562
0.149687 0.839844 0.890625 0.927734  0.429688 0.688477 1.02539
0.145774 0.842773 0.892578 0.928711  0.429688 0.693359 1.03027
0.129754 0.852539 0.898438 0.932617  0.419922 0.703125 1.05957
0.114175 0.861328 0.907227 0.938477  0.439453 0.727539 1.09375
0.0990206 0.87207 0.914062 0.945312  0.454102 0.74707 1.12793
0.0842726 0.880859 0.920898 0.949219  0.43457 0.776367 1.18652
0.0693488 0.892578 0.929688 0.953125  0.46875 0.791016 1.25
0.0548303 0.902344 0.936523 0.959961  0.488281 0.859375 1.32324
0.0407007 0.915039 0.946289 0.96582  0.419922 0.859375 1.3623
0.0269446 0.929688 0.954102 0.970703  0.488281 0.859375 1.34766
0.0135474 0.947266 0.96582 0.982422  0 0 1.00098


 # sample 1e+12 <= M < 3e+12

6.98419 0.104492 0.115234 0.131836  0.288086 0.307617 0.322266
6.50929 0.106445 0.115234 0.12793  0.3125 0.327148 0.341797
5.98962 0.109375 0.119141 0.133789  0.332031 0.351562 0.366211
5.49518 0.112305 0.124023 0.139648  0.356445 0.375977 0.395508
4.99407 0.117188 0.130859 0.148438  0.380859 0.405273 0.424805
4.94118 0.117188 0.130859 0.148438  0.380859 0.410156 0.429688
4.43011 0.124023 0.140625 0.162109  0.405273 0.439453 0.46875
4 0.131836 0.152344 0.176758  0.429688 0.46875 0.50293
3.65438 0.140625 0.164062 0.192383  0.449219 0.493164 0.532227
3.36285 0.149414 0.176758 0.208984  0.463867 0.512695 0.561523
3.10569 0.160156 0.19043 0.224609  0.478516 0.532227 0.585938
2.88462 0.169922 0.203125 0.240234  0.493164 0.551758 0.610352
2.51916 0.19043 0.229492 0.270508  0.517578 0.581055 0.654297
2.10292 0.224609 0.269531 0.320312  0.537109 0.620117 0.708008
1.98817 0.236328 0.283203 0.336914  0.541992 0.629883 0.722656
1.88571 0.24707 0.295898 0.353516  0.546875 0.639648 0.737305
1.78621 0.257812 0.310547 0.371094  0.551758 0.649414 0.756836
1.69693 0.268555 0.324219 0.388672  0.551758 0.65918 0.771484
1.6132 0.279297 0.338867 0.40625  0.556641 0.668945 0.786133
1.46341 0.302734 0.369141 0.444336  0.551758 0.678711 0.81543
1.3962 0.313477 0.383789 0.461914  0.551758 0.683594 0.830078
1.16043 0.366211 0.450195 0.537109  0.532227 0.683594 0.864258
1.11076 0.378906 0.46582 0.554688  0.527344 0.683594 0.869141
1.06122 0.392578 0.482422 0.572266  0.522461 0.683594 0.878906
1.01597 0.405273 0.498047 0.588867  0.517578 0.683594 0.883789
0.970732 0.418945 0.513672 0.606445  0.512695 0.683594 0.893555
0.929322 0.431641 0.529297 0.62207  0.507812 0.678711 0.898438
0.887851 0.446289 0.545898 0.638672  0.50293 0.678711 0.90332
0.849817 0.459961 0.561523 0.654297  0.498047 0.673828 0.908203
0.813285 0.473633 0.576172 0.668945  0.493164 0.673828 0.913086
0.776605 0.487305 0.591797 0.683594  0.483398 0.668945 0.917969
0.742882 0.501953 0.606445 0.697266  0.478516 0.668945 0.922852
0.710415 0.516602 0.621094 0.710938  0.473633 0.664062 0.922852
0.679135 0.530273 0.635742 0.723633  0.473633 0.664062 0.927734
0.647635 0.545898 0.650391 0.736328  0.46875 0.65918 0.927734
0.61859 0.560547 0.664062 0.748047  0.463867 0.65918 0.927734
0.599367 0.570312 0.672852 0.754883  0.463867 0.654297 0.927734
0.5893 0.575195 0.677734 0.758789  0.463867 0.654297 0.927734
0.562258 0.589844 0.69043 0.769531  0.458984 0.649414 0.927734
0.534954 0.605469 0.703125 0.780273  0.458984 0.649414 0.927734
0.509716 0.620117 0.71582 0.790039  0.454102 0.649414 0.927734
0.499629 0.625977 0.720703 0.793945  0.454102 0.649414 0.927734
0.484203 0.634766 0.728516 0.800781  0.454102 0.644531 0.927734
0.459538 0.650391 0.740234 0.80957  0.449219 0.644531 0.927734
0.435679 0.665039 0.751953 0.819336  0.449219 0.644531 0.922852
0.413576 0.678711 0.763672 0.828125  0.449219 0.644531 0.922852
0.390227 0.693359 0.775391 0.836914  0.449219 0.639648 0.922852
0.368564 0.708008 0.786133 0.845703  0.444336 0.639648 0.922852
0.347565 0.72168 0.796875 0.853516  0.444336 0.639648 0.917969
0.327201 0.735352 0.807617 0.862305  0.444336 0.639648 0.922852
0.306598 0.75 0.818359 0.870117  0.439453 0.639648 0.922852
0.299871 0.753906 0.821289 0.873047  0.439453 0.639648 0.922852
0.287444 0.762695 0.828125 0.87793  0.439453 0.644531 0.922852
0.268048 0.775391 0.837891 0.885742  0.439453 0.644531 0.922852
0.249227 0.789062 0.847656 0.893555  0.439453 0.644531 0.927734
0.230957 0.800781 0.857422 0.900391  0.43457 0.644531 0.927734
0.213213 0.813477 0.867188 0.908203  0.43457 0.649414 0.932617
0.195974 0.825195 0.875977 0.914062  0.43457 0.649414 0.942383
0.179218 0.836914 0.884766 0.920898  0.43457 0.654297 0.952148
0.149687 0.857422 0.900391 0.932617  0.43457 0.668945 0.97168
0.145774 0.860352 0.902344 0.933594  0.43457 0.668945 0.981445
0.129754 0.871094 0.911133 0.94043  0.439453 0.678711 0.996094
0.114175 0.882812 0.918945 0.946289  0.444336 0.693359 1.02051
0.0990206 0.892578 0.926758 0.951172  0.449219 0.712891 1.05469
0.0842726 0.90332 0.933594 0.957031  0.458984 0.737305 1.09863
0.0693488 0.913086 0.941406 0.961914  0.478516 0.776367 1.16699
0.0548303 0.923828 0.949219 0.966797  0.498047 0.830078 1.26465
0.0407007 0.933594 0.956055 0.972656  0.546875 0.913086 1.40137
0.0269446 0.945312 0.964844 0.977539  0.600586 1.03027 1.62598
0.0135474 0.960938 0.975586 0.984375  0.595703 1.16699 1.875


 # sample 1e+13 <= M < 1e+14

9.97826 0.00390625 0.00488281 0.00683594  0.493164 0.517578 0.546875
9 0.00390625 0.00585938 0.0078125  0.537109 0.566406 0.59082
8.01786 0.00488281 0.00683594 0.00878906  0.576172 0.615234 0.649414
6.98419 0.00585938 0.00878906 0.0126953  0.625 0.673828 0.717773
6.50929 0.00683594 0.00976562 0.0146484  0.644531 0.698242 0.751953
5.98962 0.0078125 0.0117188 0.0166016  0.673828 0.732422 0.791016
5.49518 0.00976562 0.0146484 0.0205078  0.703125 0.766602 0.830078
4.99407 0.0117188 0.0175781 0.0234375  0.742188 0.805664 0.874023
4.94118 0.0126953 0.0175781 0.0244141  0.74707 0.810547 0.878906
4.43011 0.015625 0.0214844 0.0292969  0.791016 0.854492 0.932617
4 0.0195312 0.0263672 0.0361328  0.825195 0.90332 0.981445
3.65438 0.0234375 0.03125 0.0439453  0.854492 0.9375 1.02539
3.36285 0.0273438 0.0380859 0.0527344  0.869141 0.966797 1.06445
3.10569 0.0322266 0.0458984 0.0644531  0.878906 0.991211 1.09863
2.88462 0.0380859 0.0546875 0.0771484  0.883789 1.00586 1.12793
2.51916 0.0527344 0.0761719 0.106445  0.883789 1.02051 1.16211
2.10292 0.0820312 0.115234 0.157227  0.874023 1.02051 1.18652
1.98817 0.0927734 0.129883 0.176758  0.869141 1.02051 1.19141
1.88571 0.104492 0.145508 0.195312  0.864258 1.02051 1.19629
1.78621 0.117188 0.161133 0.21582  0.854492 1.01562 1.19629
1.69693 0.129883 0.177734 0.235352  0.849609 1.01562 1.20117
1.6132 0.142578 0.194336 0.255859  0.839844 1.01074 1.20117
1.46341 0.169922 0.228516 0.296875  0.825195 1.00586 1.20605
1.3962 0.18457 0.246094 0.317383  0.820312 1.00098 1.20605
1.16043 0.243164 0.317383 0.399414  0.786133 0.986328 1.21582
1.11076 0.257812 0.334961 0.419922  0.776367 0.981445 1.21582
1.06122 0.273438 0.352539 0.44043  0.771484 0.976562 1.21582
1.01597 0.289062 0.370117 0.459961  0.761719 0.97168 1.21582
0.970732 0.304688 0.388672 0.481445  0.751953 0.966797 1.2207
0.929322 0.319336 0.40625 0.500977  0.742188 0.961914 1.2207
0.887851 0.335938 0.425781 0.521484  0.727539 0.957031 1.22559
0.849817 0.350586 0.443359 0.541016  0.717773 0.952148 1.22559
0.813285 0.366211 0.461914 0.560547  0.708008 0.947266 1.23047
0.776605 0.382812 0.480469 0.580078  0.698242 0.9375 1.23047
0.742882 0.398438 0.499023 0.598633  0.688477 0.932617 1.23535
0.710415 0.415039 0.517578 0.617188  0.678711 0.922852 1.23535
0.679135 0.430664 0.536133 0.634766  0.664062 0.913086 1.23535
0.647635 0.448242 0.554688 0.652344  0.654297 0.90332 1.23535
0.61859 0.464844 0.573242 0.668945  0.644531 0.893555 1.23535
0.599367 0.476562 0.585938 0.680664  0.639648 0.888672 1.23047
0.5893 0.483398 0.592773 0.686523  0.634766 0.883789 1.23047
0.562258 0.5 0.610352 0.701172  0.625 0.874023 1.22559
0.534954 0.518555 0.628906 0.716797  0.615234 0.864258 1.2207
0.509716 0.537109 0.646484 0.731445  0.610352 0.849609 1.21582
0.499629 0.544922 0.65332 0.737305  0.605469 0.844727 1.21094
0.484203 0.555664 0.664062 0.745117  0.600586 0.839844 1.20605
0.459538 0.575195 0.681641 0.758789  0.595703 0.830078 1.19629
0.435679 0.594727 0.698242 0.772461  0.585938 0.820312 1.18652
0.413576 0.613281 0.713867 0.78418  0.581055 0.810547 1.17676
0.390227 0.633789 0.730469 0.797852  0.576172 0.795898 1.16211
0.368564 0.652344 0.746094 0.80957  0.571289 0.791016 1.15234
0.347565 0.671875 0.761719 0.821289  0.561523 0.78125 1.1377
0.327201 0.69043 0.775391 0.832031  0.556641 0.771484 1.12305
0.306598 0.709961 0.791016 0.84375  0.551758 0.761719 1.1084
0.299871 0.716797 0.794922 0.84668  0.546875 0.756836 1.10352
0.287444 0.728516 0.804688 0.853516  0.541992 0.751953 1.09375
0.268048 0.748047 0.818359 0.864258  0.537109 0.742188 1.07422
0.249227 0.765625 0.831055 0.875  0.532227 0.737305 1.05957
0.230957 0.78418 0.84375 0.884766  0.522461 0.727539 1.04492
0.213213 0.801758 0.856445 0.894531  0.517578 0.717773 1.03027
0.195974 0.818359 0.868164 0.90332  0.512695 0.712891 1.01562
0.179218 0.833984 0.879883 0.912109  0.50293 0.703125 1.00098
0.149687 0.862305 0.900391 0.927734  0.493164 0.693359 0.981445
0.145774 0.866211 0.90332 0.929688  0.488281 0.688477 0.976562
0.129754 0.880859 0.914062 0.938477  0.483398 0.683594 0.966797
0.114175 0.894531 0.923828 0.946289  0.478516 0.678711 0.957031
0.0990206 0.908203 0.93457 0.953125  0.473633 0.678711 0.957031
0.0842726 0.921875 0.943359 0.960938  0.46875 0.678711 0.957031
0.0693488 0.933594 0.953125 0.967773  0.463867 0.678711 0.966797
0.0548303 0.946289 0.961914 0.973633  0.463867 0.693359 0.991211
0.0407007 0.957031 0.969727 0.979492  0.478516 0.727539 1.05469
0.0269446 0.966797 0.977539 0.985352  0.517578 0.810547 1.20117
0.0135474 0.976562 0.984375 0.990234  0.65918 1.07422 1.65039


 # sample 1e+14 <= M < 5e+14

9.97826 0.000976562 0.000976562 0.000976562  0.629883 0.654297 0.678711
9 0.000976562 0.000976562 0.00195312  0.678711 0.708008 0.737305
8.01786 0.000976562 0.000976562 0.00195312  0.74707 0.776367 0.810547
6.98419 0.000976562 0.00195312 0.00195312  0.834961 0.869141 0.908203
6.50929 0.000976562 0.00195312 0.00292969  0.883789 0.917969 0.961914
5.98962 0.00195312 0.00195312 0.00292969  0.932617 0.981445 1.02051
5.49518 0.00195312 0.00292969 0.00390625  0.986328 1.04004 1.09375
4.99407 0.00195312 0.00390625 0.00488281  1.03027 1.10352 1.16699
4.94118 0.00292969 0.00390625 0.00585938  1.03516 1.1084 1.17676
4.43011 0.00292969 0.00488281 0.0078125  1.0791 1.16699 1.25
4 0.00488281 0.0078125 0.0117188  1.10352 1.20605 1.30859
3.65438 0.00683594 0.0107422 0.015625  1.11816 1.23047 1.34277
3.36285 0.00976562 0.0146484 0.0214844  1.12793 1.25 1.37207
3.10569 0.0126953 0.0195312 0.0283203  1.1377 1.25977 1.3916
2.88462 0.0166016 0.0244141 0.0361328  1.14258 1.26953 1.41113
2.51916 0.0263672 0.0380859 0.0546875  1.14746 1.28906 1.44043
2.10292 0.0439453 0.0634766 0.0888672  1.14258 1.30371 1.47461
1.98817 0.0517578 0.0742188 0.102539  1.14258 1.30371 1.48438
1.88571 0.0595703 0.0839844 0.116211  1.1377 1.30859 1.48926
1.78621 0.0683594 0.0957031 0.130859  1.13281 1.30859 1.49902
1.69693 0.0771484 0.107422 0.145508  1.12793 1.30859 1.50391
1.6132 0.0869141 0.120117 0.162109  1.12305 1.30859 1.50879
1.46341 0.107422 0.146484 0.194336  1.11328 1.30859 1.51855
1.3962 0.118164 0.161133 0.211914  1.1084 1.30371 1.52344
1.16043 0.166016 0.220703 0.283203  1.08398 1.29883 1.54297
1.11076 0.178711 0.236328 0.301758  1.07422 1.29395 1.54297
1.06122 0.192383 0.251953 0.320312  1.06934 1.29395 1.54785
1.01597 0.206055 0.268555 0.338867  1.05957 1.28906 1.54785
0.970732 0.220703 0.285156 0.358398  1.05469 1.28906 1.55273
0.929322 0.234375 0.301758 0.37793  1.04492 1.28418 1.55762
0.887851 0.249023 0.319336 0.398438  1.03516 1.28418 1.5625
0.849817 0.263672 0.335938 0.417969  1.02539 1.2793 1.5625
0.813285 0.27832 0.353516 0.4375  1.01562 1.27441 1.56738
0.776605 0.293945 0.37207 0.458008  1.00098 1.26953 1.57227
0.742882 0.30957 0.389648 0.477539  0.991211 1.26465 1.57227
0.710415 0.325195 0.408203 0.498047  0.976562 1.25977 1.57715
0.679135 0.34082 0.426758 0.518555  0.966797 1.25 1.57715
0.647635 0.358398 0.446289 0.539062  0.952148 1.24023 1.58203
0.61859 0.374023 0.46582 0.558594  0.9375 1.23047 1.58203
0.599367 0.385742 0.478516 0.573242  0.927734 1.22559 1.58203
0.5893 0.392578 0.486328 0.580078  0.922852 1.2207 1.58203
0.562258 0.40918 0.505859 0.599609  0.908203 1.20605 1.58203
0.534954 0.427734 0.526367 0.620117  0.888672 1.19629 1.58203
0.509716 0.445312 0.546875 0.638672  0.874023 1.18164 1.58203
0.499629 0.453125 0.554688 0.646484  0.869141 1.17188 1.57715
0.484203 0.464844 0.568359 0.658203  0.859375 1.16211 1.57715
0.459538 0.485352 0.588867 0.676758  0.844727 1.14746 1.56738
0.435679 0.504883 0.610352 0.695312  0.830078 1.12793 1.5625
0.413576 0.525391 0.629883 0.711914  0.81543 1.11328 1.55273
0.390227 0.546875 0.651367 0.729492  0.800781 1.09375 1.54297
0.368564 0.568359 0.672852 0.74707  0.786133 1.07422 1.52832
0.347565 0.589844 0.692383 0.762695  0.776367 1.05469 1.51367
0.327201 0.611328 0.711914 0.77832  0.761719 1.03516 1.49414
0.306598 0.634766 0.731445 0.793945  0.74707 1.01074 1.47461
0.299871 0.642578 0.738281 0.798828  0.742188 1.00586 1.46973
0.287444 0.657227 0.75 0.808594  0.737305 0.996094 1.45508
0.268048 0.679688 0.769531 0.823242  0.722656 0.976562 1.43066
0.249227 0.703125 0.787109 0.836914  0.708008 0.957031 1.40625
0.230957 0.726562 0.804688 0.850586  0.693359 0.9375 1.37695
0.213213 0.749023 0.821289 0.863281  0.683594 0.917969 1.34766
0.195974 0.771484 0.837891 0.875977  0.668945 0.898438 1.31836
0.179218 0.792969 0.853516 0.887695  0.654297 0.878906 1.28418
0.149687 0.831055 0.879883 0.90918  0.629883 0.849609 1.22559
0.145774 0.836914 0.883789 0.912109  0.625 0.844727 1.21582
0.129754 0.857422 0.897461 0.922852  0.610352 0.825195 1.18164
0.114175 0.875977 0.911133 0.933594  0.595703 0.805664 1.14746
0.0990206 0.894531 0.923828 0.943359  0.581055 0.791016 1.11328
0.0842726 0.912109 0.936523 0.953125  0.566406 0.771484 1.0791
0.0693488 0.928711 0.948242 0.961914  0.546875 0.751953 1.0498
0.0548303 0.944336 0.959961 0.970703  0.527344 0.737305 1.02051
0.0407007 0.958984 0.969727 0.978516  0.512695 0.727539 1.01074
0.0269446 0.97168 0.979492 0.986328  0.50293 0.732422 1.04004
0.0135474 0.982422 0.988281 0.992188  0.546875 0.834961 1.24023


 # sample 5e+14 <= M < 5e+15

9.97826 0 0 0  0.751953 0.761719 0.776367
9 0 0 0  0.825195 0.844727 0.869141
8.01786 0 0 0  0.913086 0.9375 0.961914
6.98419 0 0 0  1.02051 1.05469 1.08398
6.50929 0 0 0  1.06934 1.11328 1.15234
5.98962 0 0 0.000976562  1.12793 1.18164 1.23047
5.49518 0 0.000976562 0.000976562  1.17676 1.24512 1.30859
4.99407 0 0.000976562 0.00195312  1.2207 1.30371 1.38672
4.94118 0.000976562 0.000976562 0.00195312  1.22559 1.31348 1.3916
4.43011 0.000976562 0.00195312 0.00292969  1.26465 1.3623 1.45996
4 0.00195312 0.00292969 0.00488281  1.29395 1.40137 1.50879
3.65438 0.00292969 0.00488281 0.0078125  1.31348 1.42578 1.54785
3.36285 0.00488281 0.00683594 0.0107422  1.33301 1.4502 1.57715
3.10569 0.00585938 0.00976562 0.0146484  1.34277 1.46973 1.60645
2.88462 0.00878906 0.0126953 0.0195312  1.35742 1.48926 1.63086
2.51916 0.0136719 0.0214844 0.0302734  1.37207 1.51855 1.6748
2.10292 0.0253906 0.0371094 0.0537109  1.38672 1.55273 1.72852
1.98817 0.0302734 0.0439453 0.0625  1.38672 1.5625 1.74316
1.88571 0.0361328 0.0517578 0.0722656  1.38672 1.56738 1.75293
1.78621 0.0419922 0.0595703 0.0830078  1.38672 1.57227 1.76758
1.69693 0.0478516 0.0683594 0.09375  1.38672 1.57715 1.78223
1.6132 0.0546875 0.0771484 0.106445  1.38672 1.57715 1.78711
1.46341 0.0703125 0.0976562 0.131836  1.37695 1.58203 1.80664
1.3962 0.078125 0.108398 0.145508  1.37695 1.58691 1.81641
1.16043 0.117188 0.157227 0.206055  1.35742 1.5918 1.8457
1.11076 0.126953 0.169922 0.22168  1.35254 1.5918 1.85059
1.06122 0.138672 0.18457 0.239258  1.34277 1.58691 1.85547
1.01597 0.150391 0.198242 0.255859  1.33789 1.58691 1.86035
0.970732 0.163086 0.213867 0.273438  1.33301 1.58203 1.86523
0.929322 0.174805 0.228516 0.290039  1.32812 1.58203 1.87012
0.887851 0.188477 0.244141 0.308594  1.31836 1.58203 1.875
0.849817 0.201172 0.259766 0.326172  1.31348 1.57715 1.88477
0.813285 0.214844 0.276367 0.344727  1.30371 1.57715 1.88477
0.776605 0.229492 0.292969 0.365234  1.29395 1.57227 1.88965
0.742882 0.244141 0.30957 0.384766  1.2793 1.57227 1.88965
0.710415 0.258789 0.327148 0.405273  1.26953 1.56738 1.89453
0.679135 0.273438 0.34375 0.424805  1.25488 1.56738 1.9043
0.647635 0.290039 0.363281 0.445312  1.24512 1.55762 1.90918
0.61859 0.305664 0.381836 0.466797  1.22559 1.55273 1.91406
0.599367 0.316406 0.394531 0.481445  1.21582 1.54785 1.91406
0.5893 0.322266 0.401367 0.488281  1.21094 1.54297 1.91406
0.562258 0.339844 0.421875 0.509766  1.19629 1.5332 1.91406
0.534954 0.358398 0.442383 0.533203  1.17188 1.51855 1.91406
0.509716 0.375 0.462891 0.555664  1.14746 1.50391 1.91895
0.499629 0.382812 0.472656 0.564453  1.14258 1.49414 1.91895
0.484203 0.394531 0.485352 0.579102  1.12305 1.48926 1.91895
0.459538 0.413086 0.507812 0.599609  1.1084 1.46973 1.91406
0.435679 0.432617 0.530273 0.621094  1.08887 1.4502 1.91895
0.413576 0.451172 0.552734 0.641602  1.06934 1.43066 1.91895
0.390227 0.473633 0.577148 0.663086  1.0498 1.40625 1.90918
0.368564 0.495117 0.599609 0.683594  1.02539 1.38184 1.9043
0.347565 0.516602 0.623047 0.703125  1.01074 1.35742 1.89453
0.327201 0.539062 0.646484 0.722656  0.986328 1.32812 1.88477
0.306598 0.564453 0.670898 0.743164  0.966797 1.29883 1.86035
0.299871 0.572266 0.678711 0.75  0.957031 1.28906 1.85547
0.287444 0.586914 0.692383 0.760742  0.942383 1.26953 1.85059
0.268048 0.612305 0.71582 0.779297  0.922852 1.24512 1.82617
0.249227 0.638672 0.738281 0.797852  0.898438 1.21582 1.79199
0.230957 0.665039 0.758789 0.814453  0.883789 1.18652 1.7627
0.213213 0.691406 0.779297 0.831055  0.864258 1.16211 1.72363
0.195974 0.717773 0.800781 0.84668  0.839844 1.12793 1.67969
0.179218 0.744141 0.820312 0.862305  0.825195 1.09863 1.64551
0.149687 0.791016 0.854492 0.888672  0.786133 1.04492 1.5625
0.145774 0.796875 0.859375 0.891602  0.78125 1.03516 1.54785
0.129754 0.822266 0.876953 0.905273  0.756836 1.00586 1.49902
0.114175 0.848633 0.894531 0.918945  0.737305 0.97168 1.43066
0.0990206 0.87207 0.910156 0.930664  0.712891 0.942383 1.37207
0.0842726 0.895508 0.925781 0.942383  0.688477 0.908203 1.29883
0.0693488 0.916992 0.94043 0.954102  0.664062 0.874023 1.24023
0.0548303 0.9375 0.954102 0.964844  0.634766 0.844727 1.16699
0.0407007 0.955078 0.966797 0.974609  0.605469 0.810547 1.11328
0.0269446 0.970703 0.978516 0.984375  0.576172 0.791016 1.08887
0.0135474 0.984375 0.988281 0.992188  0.551758 0.805664 1.14746
