

 # sample 1e+12 <= M < 3e+12

12.0323 0 0
9.97826 0 0
9 0 0
8.01786 0.1344 nan
6.98419 0.136596 nan
6.50929 0.267081 nan
5.98962 0.0500758 nan
5.49518 0.0701516 nan
4.99407 0.10504 nan
4.94118 1.03408 nan
4.43011 0.135052 nan
4 0.145563 nan
3.65438 0.190132 nan
3.36285 0.297656 nan
3.10569 0.258901 nan
2.88462 0.220292 nan
2.51916 0.249813 nan
2.10292 0.286686 nan
1.98817 0.550907 nan
1.88571 0.515933 nan
1.78621 0.574939 nan
1.69693 0.816847 nan
1.6132 1.68578 nan
1.46341 0.616739 nan
1.3962 1.81819 nan
1.16043 0.858618 nan
1.11076 5.99292 nan
1.06122 3.61842 nan
1.01597 6.4281 nan
0.970732 3.2306 nan
0.929322 3.31686 nan
0.887851 2.86255 nan
0.849817 6.17997 nan
0.813285 12.4745 nan
0.776605 4.45063 nan
0.742882 22.2025 nan
0.710415 6.17617 nan
0.679135 23.74 nan
0.647635 8.47811 nan
0.61859 3.76057 nan
0.599367 12.4499 nan
0.5893 36.9334 nan
0.562258 8.6054 nan
0.534954 34.6592 nan
0.509716 7.37456 nan
0.499629 9.54288 nan
0.484203 8.92742 nan
0.459538 5.02007 nan
0.435679 7.83476 nan
0.413576 6.1798 nan
0.390227 3.10539 nan
0.368564 5.34378 nan
0.347565 6.94502 nan
0.327201 4.49559 nan
0.306598 6.79908 nan
0.299871 31.5461 nan
0.287444 12.0916 nan
0.268048 31.3484 nan
0.249227 11.57 nan
0.230957 45.8428 nan
0.213213 137.03 nan
0.195974 107.605 nan
0.179218 121.372 nan
0.149687 17.218 nan
0.145774 387.942 nan
0.129754 34.0114 nan
0.114175 98.2834 nan
0.0990206 97.3571 nan
0.0842726 20.4187 nan
0.0693488 48.612 nan
0.0548303 60.5037 nan
0.0407007 63.8126 nan
0.0269446 415.251 nan
0.0135474 67.3472 nan
0 120.341 nan


 # sample 1e+13 <= M < 1e+14

12.0323 0 0
9.97826 0.00341941 nan
9 0.00724026 nan
8.01786 0.00854044 nan
6.98419 0.010168 nan
6.50929 0.016821 nan
5.98962 0.00920059 nan
5.49518 0.0138128 nan
4.99407 0.01923 nan
4.94118 0.0518082 nan
4.43011 0.0273103 nan
4 0.0378639 nan
3.65438 0.0484325 nan
3.36285 0.0649724 nan
3.10569 0.0719631 nan
2.88462 0.0875744 nan
2.51916 0.108677 nan
2.10292 0.15107 nan
1.98817 0.217612 nan
1.88571 0.248774 nan
1.78621 0.280009 nan
1.69693 0.317684 nan
1.6132 0.357019 nan
1.46341 0.348297 nan
1.3962 0.511414 nan
1.16043 0.432059 nan
1.11076 0.871429 nan
1.06122 0.932374 nan
1.01597 1.04911 nan
0.970732 1.10475 nan
0.929322 1.25951 nan
0.887851 1.31118 nan
0.849817 1.46614 nan
0.813285 1.61445 nan
0.776605 1.6639 nan
0.742882 1.88589 nan
0.710415 2.02765 nan
0.679135 2.19422 nan
0.647635 2.19425 nan
0.61859 2.52504 nan
0.599367 4.33847 nan
0.5893 11.2386 nan
0.562258 2.83327 nan
0.534954 2.92278 nan
0.509716 3.33583 nan
0.499629 12.7559 nan
0.484203 6.9705 nan
0.459538 3.64241 nan
0.435679 3.93412 nan
0.413576 4.49793 nan
0.390227 4.47539 nan
0.368564 5.20058 nan
0.347565 5.47252 nan
0.327201 5.99567 nan
0.306598 5.85889 nan
0.299871 33.0043 nan
0.287444 12.834 nan
0.268048 6.6206 nan
0.249227 7.17193 nan
0.230957 7.936 nan
0.213213 8.34583 nan
0.195974 8.90318 nan
0.179218 9.38566 nan
0.149687 4.55826 nan
0.145774 99.8265 nan
0.129754 11.0915 nan
0.114175 11.6964 nan
0.0990206 12.9264 nan
0.0842726 14.5221 nan
0.0693488 14.4345 nan
0.0548303 15.9805 nan
0.0407007 17.6037 nan
0.0269446 19.9206 nan
0.0135474 21.5518 nan
0 21.0032 nan


 # sample 1e+14 <= M < 5e+14

12.0323 0 0
9.97826 0.000799686 nan
9 0.00174741 nan
8.01786 0.00193031 nan
6.98419 0.00213928 nan
6.50929 0.00308136 nan
5.98962 0.0027668 nan
5.49518 0.00427856 nan
4.99407 0.00636768 nan
4.94118 0.0125976 nan
4.43011 0.0100806 nan
4 0.0152274 nan
3.65438 0.0211896 nan
3.36285 0.0293844 nan
3.10569 0.0367671 nan
2.88462 0.0475358 nan
2.51916 0.0637596 nan
2.10292 0.098758 nan
1.98817 0.14825 nan
1.88571 0.171432 nan
1.78621 0.199627 nan
1.69693 0.235215 nan
1.6132 0.268164 nan
1.46341 0.28188 nan
1.3962 0.408281 nan
1.16043 0.386264 nan
1.11076 0.740624 nan
1.06122 0.825809 nan
1.01597 0.945262 nan
0.970732 1.00872 nan
0.929322 1.15898 nan
0.887851 1.26449 nan
0.849817 1.42209 nan
0.813285 1.53814 nan
0.776605 1.67265 nan
0.742882 1.91784 nan
0.710415 2.09573 nan
0.679135 2.23945 nan
0.647635 2.38382 nan
0.61859 2.71577 nan
0.599367 4.52813 nan
0.5893 12.1942 nan
0.562258 3.18056 nan
0.534954 3.32116 nan
0.509716 3.82886 nan
0.499629 14.0438 nan
0.484203 7.63046 nan
0.459538 4.29875 nan
0.435679 4.67997 nan
0.413576 5.25894 nan
0.390227 5.08155 nan
0.368564 5.78648 nan
0.347565 6.28192 nan
0.327201 6.70519 nan
0.306598 6.98742 nan
0.299871 38.6698 nan
0.287444 14.6651 nan
0.268048 8.09741 nan
0.249227 8.6644 nan
0.230957 9.24051 nan
0.213213 10.0542 nan
0.195974 10.725 nan
0.179218 11.4038 nan
0.149687 5.89626 nan
0.145774 131.015 nan
0.129754 13.576 nan
0.114175 14.8 nan
0.0990206 15.7063 nan
0.0842726 16.496 nan
0.0693488 16.9667 nan
0.0548303 18.7978 nan
0.0407007 20.0007 nan
0.0269446 22.0687 nan
0.0135474 24.5267 nan
0 25.1643 nan


 # sample 5e+14 <= M < 5e+15

12.0323 0 0
9.97826 0.000229819 nan
9 0.000456567 nan
8.01786 0.000524186 nan
6.98419 0.000589611 nan
6.50929 0.000848868 nan
5.98962 0.000973581 nan
5.49518 0.00153632 nan
4.99407 0.00243662 nan
4.94118 0.004341 nan
4.43011 0.00409975 nan
4 0.00659027 nan
3.65438 0.00974775 nan
3.36285 0.0140137 nan
3.10569 0.0187244 nan
2.88462 0.0250271 nan
2.51916 0.0361167 nan
2.10292 0.0607217 nan
1.98817 0.0941111 nan
1.88571 0.11438 nan
1.78621 0.137234 nan
1.69693 0.161173 nan
1.6132 0.18888 nan
1.46341 0.210605 nan
1.3962 0.297005 nan
1.16043 0.30825 nan
1.11076 0.611223 nan
1.06122 0.67735 nan
1.01597 0.78045 nan
0.970732 0.814234 nan
0.929322 0.99168 nan
0.887851 1.0385 nan
0.849817 1.23509 nan
0.813285 1.38625 nan
0.776605 1.5359 nan
0.742882 1.71331 nan
0.710415 2.04048 nan
0.679135 2.16103 nan
0.647635 2.34563 nan
0.61859 2.65833 nan
0.599367 4.54831 nan
0.5893 11.1222 nan
0.562258 3.21119 nan
0.534954 3.47408 nan
0.509716 3.93784 nan
0.499629 14.0704 nan
0.484203 7.42331 nan
0.459538 4.64306 nan
0.435679 4.81387 nan
0.413576 5.75264 nan
0.390227 5.92136 nan
0.368564 6.81636 nan
0.347565 7.4015 nan
0.327201 8.21896 nan
0.306598 8.1925 nan
0.299871 44.0513 nan
0.287444 16.0139 nan
0.268048 9.5577 nan
0.249227 10.4637 nan
0.230957 11.1445 nan
0.213213 11.7613 nan
0.195974 12.4468 nan
0.179218 13.4266 nan
0.149687 7.22551 nan
0.145774 154.757 nan
0.129754 15.648 nan
0.114175 16.1665 nan
0.0990206 18.3995 nan
0.0842726 21.8733 nan
0.0693488 20.4704 nan
0.0548303 21.8092 nan
0.0407007 22.9052 nan
0.0269446 23.9979 nan
0.0135474 27.1911 nan
0 25.8669 nan
